TN:
SF:src\App.tsx
FN:7,App
FNF:1
FNH:0
FNDA:0,App
DA:8,0
LF:1
LH:0
BRF:0
BRH:0
end_of_record
TN:
SF:src\components\ConfirmDialog.tsx
FN:11,ConfirmDialog
FNF:1
FNH:1
FNDA:7,ConfirmDialog
DA:12,7
DA:14,6
LF:2
LH:2
BRDA:12,0,0,1
BRDA:12,0,1,6
BRDA:39,1,0,1
BRDA:39,1,1,5
BRF:4
BRH:4
end_of_record
TN:
SF:src\components\Layout.tsx
FN:10,Layout
FN:20,(anonymous_1)
FN:25,(anonymous_2)
FNF:3
FNH:3
FNDA:6,Layout
FNDA:18,(anonymous_1)
FNDA:18,(anonymous_2)
DA:4,1
DA:11,6
DA:21,18
DA:26,18
LF:4
LH:4
BRDA:27,0,0,6
BRDA:27,0,1,12
BRF:2
BRH:2
end_of_record
TN:
SF:src\components\Modal.tsx
FN:11,Modal
FN:12,(anonymous_1)
FN:13,(anonymous_2)
FN:15,(anonymous_3)
FNF:4
FNH:4
FNDA:7,Modal
FNDA:7,(anonymous_1)
FNDA:2,(anonymous_2)
FNDA:7,(anonymous_3)
DA:12,7
DA:13,7
DA:14,7
DA:15,7
DA:18,7
DA:20,5
LF:6
LH:6
BRDA:13,0,0,1
BRDA:13,0,1,1
BRDA:14,1,0,5
BRDA:14,1,1,2
BRDA:18,2,0,2
BRDA:18,2,1,5
BRF:6
BRH:6
end_of_record
TN:
SF:src\components\departments\DepartmentForm.tsx
FN:11,DepartmentForm
FN:24,(anonymous_1)
FN:33,(anonymous_2)
FNF:3
FNH:3
FNDA:20,DepartmentForm
FNDA:8,(anonymous_1)
FNDA:3,(anonymous_2)
DA:12,20
DA:13,20
DA:15,20
DA:24,20
DA:25,8
DA:33,20
DA:34,3
DA:35,3
DA:36,3
DA:37,3
DA:39,1
DA:41,3
DA:45,20
LF:13
LH:13
BRDA:17,0,0,20
BRDA:17,0,1,16
BRDA:18,1,0,20
BRDA:18,1,1,16
BRDA:19,2,0,20
BRDA:19,2,1,16
BRDA:20,3,0,20
BRDA:20,3,1,16
BRDA:26,4,0,8
BRDA:26,4,1,6
BRDA:27,5,0,8
BRDA:27,5,1,6
BRDA:28,6,0,8
BRDA:28,6,1,6
BRDA:29,7,0,8
BRDA:29,7,1,6
BRDA:39,8,0,1
BRDA:39,8,1,0
BRDA:47,9,0,20
BRDA:47,9,1,1
BRDA:58,10,0,20
BRDA:58,10,1,1
BRDA:106,11,0,1
BRDA:106,11,1,19
BRDA:106,12,0,4
BRDA:106,12,1,15
BRF:26
BRH:25
end_of_record
TN:
SF:src\components\departments\DepartmentTable.tsx
FN:10,formatBudget
FN:15,DepartmentTable
FN:37,(anonymous_2)
FN:54,(anonymous_3)
FN:61,(anonymous_4)
FNF:5
FNH:5
FNDA:7,formatBudget
FNDA:8,DepartmentTable
FNDA:14,(anonymous_2)
FNDA:1,(anonymous_3)
FNDA:1,(anonymous_4)
DA:11,7
DA:12,7
DA:16,8
DA:17,1
DA:24,7
DA:38,14
DA:54,1
DA:61,1
LF:8
LH:8
BRDA:11,0,0,0
BRDA:11,0,1,7
BRDA:16,1,0,1
BRDA:16,1,1,7
BRDA:40,2,0,14
BRDA:40,2,1,7
BRDA:42,3,0,7
BRDA:42,3,1,7
BRDA:47,4,0,7
BRDA:47,4,1,7
BRF:10
BRH:9
end_of_record
TN:
SF:src\components\employees\EmployeeForm.tsx
FN:12,EmployeeForm
FN:29,(anonymous_1)
FN:42,(anonymous_2)
FN:133,(anonymous_3)
FNF:4
FNH:4
FNDA:19,EmployeeForm
FNDA:8,(anonymous_1)
FNDA:2,(anonymous_2)
FNDA:38,(anonymous_3)
DA:13,19
DA:14,19
DA:16,19
DA:29,19
DA:30,8
DA:42,19
DA:43,2
DA:44,2
DA:45,2
DA:46,2
DA:53,2
DA:55,1
DA:57,2
DA:61,19
DA:134,38
LF:15
LH:15
BRDA:18,0,0,19
BRDA:18,0,1,15
BRDA:19,1,0,19
BRDA:19,1,1,15
BRDA:20,2,0,19
BRDA:20,2,1,15
BRDA:21,3,0,19
BRDA:21,3,1,15
BRDA:22,4,0,19
BRDA:22,4,1,15
BRDA:23,5,0,19
BRDA:23,5,1,15
BRDA:24,6,0,19
BRDA:24,6,1,15
BRDA:25,7,0,19
BRDA:25,7,1,15
BRDA:31,8,0,8
BRDA:31,8,1,6
BRDA:32,9,0,8
BRDA:32,9,1,6
BRDA:33,10,0,8
BRDA:33,10,1,6
BRDA:34,11,0,8
BRDA:34,11,1,6
BRDA:35,12,0,8
BRDA:35,12,1,6
BRDA:36,13,0,8
BRDA:36,13,1,6
BRDA:37,14,0,8
BRDA:37,14,1,6
BRDA:38,15,0,8
BRDA:38,15,1,6
BRDA:48,16,0,2
BRDA:48,16,1,2
BRDA:49,17,0,2
BRDA:49,17,1,2
BRDA:50,18,0,2
BRDA:50,18,1,2
BRDA:51,19,0,2
BRDA:51,19,1,2
BRDA:55,20,0,1
BRDA:55,20,1,0
BRDA:63,21,0,19
BRDA:63,21,1,1
BRDA:74,22,0,19
BRDA:74,22,1,1
BRDA:82,23,0,19
BRDA:82,23,1,1
BRDA:93,24,0,19
BRDA:93,24,1,1
BRDA:122,25,0,19
BRDA:122,25,1,1
BRDA:164,26,0,0
BRDA:164,26,1,19
BRDA:164,27,0,4
BRDA:164,27,1,15
BRF:56
BRH:54
end_of_record
TN:
SF:src\components\employees\EmployeeTable.tsx
FN:10,formatSalary
FN:15,formatDate
FN:20,initials
FN:33,avatarColor
FN:39,EmployeeTable
FN:62,(anonymous_5)
FN:89,(anonymous_6)
FN:96,(anonymous_7)
FNF:8
FNH:8
FNDA:18,formatSalary
FNDA:18,formatDate
FNDA:18,initials
FNDA:18,avatarColor
FNDA:10,EmployeeTable
FNDA:18,(anonymous_5)
FNDA:1,(anonymous_6)
FNDA:1,(anonymous_7)
DA:11,18
DA:12,9
DA:16,18
DA:17,9
DA:21,18
DA:24,1
DA:34,18
DA:35,162
DA:36,18
DA:40,10
DA:41,1
DA:48,9
DA:63,18
DA:64,18
DA:65,18
DA:89,1
DA:96,1
LF:17
LH:17
BRDA:11,0,0,9
BRDA:11,0,1,9
BRDA:16,1,0,9
BRDA:16,1,1,9
BRDA:40,2,0,1
BRDA:40,2,1,9
BRDA:80,3,0,9
BRDA:80,3,1,9
BRF:8
BRH:8
end_of_record
TN:
SF:src\hooks\useDepartments.ts
FN:5,useDepartments
FN:10,(anonymous_1)
FN:22,(anonymous_2)
FN:24,(anonymous_3)
FN:30,(anonymous_4)
FN:36,(anonymous_5)
FNF:6
FNH:6
FNDA:19,useDepartments
FNDA:11,(anonymous_1)
FNDA:8,(anonymous_2)
FNDA:2,(anonymous_3)
FNDA:2,(anonymous_4)
FNDA:2,(anonymous_5)
DA:6,19
DA:7,19
DA:8,19
DA:10,19
DA:11,11
DA:12,11
DA:13,11
DA:17,11
DA:18,10
DA:19,11
DA:22,19
DA:24,19
DA:25,2
DA:26,2
DA:27,1
DA:30,19
DA:31,2
DA:32,2
DA:33,1
DA:36,19
DA:37,2
DA:38,2
DA:39,1
DA:42,19
LF:24
LH:24
BRDA:17,0,0,1
BRDA:17,0,1,10
BRDA:18,1,0,10
BRDA:18,1,1,0
BRDA:26,2,0,1
BRDA:26,2,1,1
BRDA:32,3,0,1
BRDA:32,3,1,1
BRDA:38,4,0,1
BRDA:38,4,1,1
BRF:10
BRH:9
end_of_record
TN:
SF:src\hooks\useEmployees.ts
FN:5,useEmployees
FN:10,(anonymous_1)
FN:22,(anonymous_2)
FN:24,(anonymous_3)
FN:30,(anonymous_4)
FN:36,(anonymous_5)
FNF:6
FNH:6
FNDA:15,useEmployees
FNDA:9,(anonymous_1)
FNDA:6,(anonymous_2)
FNDA:2,(anonymous_3)
FNDA:1,(anonymous_4)
FNDA:1,(anonymous_5)
DA:6,15
DA:7,15
DA:8,15
DA:10,15
DA:11,9
DA:12,9
DA:13,9
DA:17,9
DA:18,8
DA:19,9
DA:22,15
DA:24,15
DA:25,2
DA:26,2
DA:27,1
DA:30,15
DA:31,1
DA:32,1
DA:33,1
DA:36,15
DA:37,1
DA:38,1
DA:39,1
DA:42,15
LF:24
LH:24
BRDA:17,0,0,1
BRDA:17,0,1,8
BRDA:18,1,0,8
BRDA:18,1,1,0
BRDA:26,2,0,1
BRDA:26,2,1,1
BRDA:32,3,0,0
BRDA:32,3,1,1
BRDA:38,4,0,0
BRDA:38,4,1,1
BRF:10
BRH:7
end_of_record
TN:
SF:src\lib\supabase.ts
FNF:0
FNH:0
DA:3,1
DA:4,1
DA:6,1
DA:7,0
DA:10,1
LF:5
LH:4
BRDA:6,0,0,0
BRDA:6,0,1,1
BRDA:6,1,0,1
BRDA:6,1,1,1
BRF:4
BRH:3
end_of_record
TN:
SF:src\pages\Dashboard.tsx
FN:5,StatCard
FN:24,Dashboard
FN:28,(anonymous_2)
FN:31,(anonymous_3)
FN:35,(anonymous_4)
FN:57,(anonymous_5)
FN:58,(anonymous_6)
FN:79,(anonymous_7)
FNF:8
FNH:7
FNDA:36,StatCard
FNDA:9,Dashboard
FNDA:7,(anonymous_2)
FNDA:18,(anonymous_3)
FNDA:3,(anonymous_4)
FNDA:4,(anonymous_5)
FNDA:0,(anonymous_6)
FNDA:7,(anonymous_7)
DA:11,36
DA:25,9
DA:26,9
DA:28,9
DA:29,9
DA:31,9
DA:32,18
DA:34,9
DA:35,3
DA:38,9
DA:58,4
DA:59,4
DA:60,4
DA:80,7
LF:14
LH:14
BRDA:28,0,0,7
BRDA:28,0,1,3
BRDA:29,1,0,4
BRDA:29,1,1,5
BRDA:59,2,0,0
BRDA:59,2,1,4
BRDA:85,3,0,7
BRDA:85,3,1,0
BRDA:92,4,0,9
BRDA:92,4,1,5
BRF:10
BRH:8
end_of_record
TN:
SF:src\pages\Departments.tsx
FN:10,Departments
FN:18,(anonymous_1)
FN:19,(anonymous_2)
FN:20,(anonymous_3)
FN:22,(anonymous_4)
FN:28,(anonymous_5)
FN:94,(anonymous_6)
FNF:7
FNH:0
FNDA:0,Departments
FNDA:0,(anonymous_1)
FNDA:0,(anonymous_2)
FNDA:0,(anonymous_3)
FNDA:0,(anonymous_4)
FNDA:0,(anonymous_5)
FNDA:0,(anonymous_6)
DA:11,0
DA:13,0
DA:14,0
DA:15,0
DA:16,0
DA:18,0
DA:19,0
DA:20,0
DA:22,0
DA:23,0
DA:24,0
DA:25,0
DA:28,0
DA:29,0
DA:30,0
DA:31,0
DA:32,0
DA:35,0
DA:94,0
LF:19
LH:0
BRDA:23,0,0,0
BRDA:23,0,1,0
BRDA:29,1,0,0
BRDA:29,1,1,0
BRDA:40,2,0,0
BRDA:40,2,1,0
BRDA:59,3,0,0
BRDA:59,3,1,0
BRDA:65,4,0,0
BRDA:65,4,1,0
BRDA:80,5,0,0
BRDA:80,5,1,0
BRF:12
BRH:0
end_of_record
TN:
SF:src\pages\Employees.tsx
FN:11,Employees
FN:22,(anonymous_1)
FN:23,(anonymous_2)
FN:24,(anonymous_3)
FN:26,(anonymous_4)
FN:32,(anonymous_5)
FN:39,(anonymous_6)
FN:78,(anonymous_7)
FN:85,(anonymous_8)
FN:89,(anonymous_9)
FN:131,(anonymous_10)
FNF:11
FNH:0
FNDA:0,Employees
FNDA:0,(anonymous_1)
FNDA:0,(anonymous_2)
FNDA:0,(anonymous_3)
FNDA:0,(anonymous_4)
FNDA:0,(anonymous_5)
FNDA:0,(anonymous_6)
FNDA:0,(anonymous_7)
FNDA:0,(anonymous_8)
FNDA:0,(anonymous_9)
FNDA:0,(anonymous_10)
DA:12,0
DA:13,0
DA:15,0
DA:16,0
DA:17,0
DA:18,0
DA:19,0
DA:20,0
DA:22,0
DA:23,0
DA:24,0
DA:26,0
DA:27,0
DA:28,0
DA:29,0
DA:32,0
DA:33,0
DA:34,0
DA:35,0
DA:36,0
DA:39,0
DA:40,0
DA:42,0
DA:43,0
DA:46,0
DA:78,0
DA:85,0
DA:90,0
DA:131,0
LF:29
LH:0
BRDA:27,0,0,0
BRDA:27,0,1,0
BRDA:33,1,0,0
BRDA:33,1,1,0
BRDA:40,2,0,0
BRDA:40,2,1,0
BRDA:42,3,0,0
BRDA:42,3,1,0
BRDA:43,4,0,0
BRDA:43,4,1,0
BRDA:52,5,0,0
BRDA:52,5,1,0
BRDA:52,6,0,0
BRDA:52,6,1,0
BRDA:95,7,0,0
BRDA:95,7,1,0
BRDA:101,8,0,0
BRDA:101,8,1,0
BRDA:116,9,0,0
BRDA:116,9,1,0
BRF:20
BRH:0
end_of_record
TN:
SF:src\types\index.ts
FNF:0
FNH:0
LF:0
LH:0
BRF:0
BRH:0
end_of_record
